<?xml version="1.0" encoding="UTF-8"?>
<testng-results ignored="0" total="1" passed="1" failed="0" skipped="0">
  <reporter-output>
  </reporter-output>
  <suite started-at="2022-07-12T17:12:42 IST" name="Suite" finished-at="2022-07-12T17:12:54 IST" duration-ms="12448">
    <groups>
    </groups>
    <test started-at="2022-07-12T17:12:42 IST" name="Test" finished-at="2022-07-12T17:12:54 IST" duration-ms="12448">
      <class name="AmazonTests.LoginTest">
        <test-method is-config="true" signature="setUpTest(java.lang.String)[pri:0, instance:AmazonTests.LoginTest@13fd2ccd]" started-at="2022-07-12T17:12:42 IST" name="setUpTest" finished-at="2022-07-12T17:12:53 IST" duration-ms="11115" status="PASS">
          <params>
            <param index="0">
              <value>
                <![CDATA[chrome]]>
              </value>
            </param>
          </params>
          <reporter-output>
          </reporter-output>
        </test-method> <!-- setUpTest -->
        <test-method signature="verifyPageLoginTitle()[pri:0, instance:AmazonTests.LoginTest@13fd2ccd]" started-at="2022-07-12T17:12:53 IST" name="verifyPageLoginTitle" finished-at="2022-07-12T17:12:53 IST" duration-ms="323" status="PASS">
          <reporter-output>
          </reporter-output>
        </test-method> <!-- verifyPageLoginTitle -->
        <test-method is-config="true" signature="tearDown()[pri:0, instance:AmazonTests.LoginTest@13fd2ccd]" started-at="2022-07-12T17:12:53 IST" name="tearDown" finished-at="2022-07-12T17:12:54 IST" duration-ms="940" status="PASS">
          <reporter-output>
          </reporter-output>
        </test-method> <!-- tearDown -->
      </class> <!-- AmazonTests.LoginTest -->
    </test> <!-- Test -->
  </suite> <!-- Suite -->
</testng-results>
